<?xml version="1.0" encoding="UTF-8"?>
<robot generator="Robot 6.1.1 (Python 3.12.0 on win32)" generated="20240107 22:48:58.909" rpa="false" schemaversion="4">
<suite id="s1" name="3.Search-Suites" source="C:\Quis4_Susan\Sanbercode52-Quis4-Team4\suites\3.search-suites.robot">
<test id="s1-t1" name="Successfully Open Flight Application" line="10">
<kw name="Open Flight Application" library="base">
<kw name="Open Application" library="AppiumLibrary">
<arg>remote_url=${REMOTE_URL}</arg>
<arg>platformName=${PLATFORM_NAME}</arg>
<arg>platformVersion =${PLATFORM_VERSION}</arg>
<arg>deviceName=${DEVICE_NAME}</arg>
<arg>appPackage=${APP_PACKAGE}</arg>
<arg>appActivity=${APP_ACTIVITY}</arg>
<doc>Opens a new application to given Appium server.
Capabilities of appium server, Android and iOS,
Please check https://github.com/appium/appium/blob/master/docs/en/writing-running-appium/server-args.md
| *Option*            | *Man.* | *Description*     |
| remote_url          | Yes    | Appium server url |
| alias               | no     | alias             |
| strict_ssl          | No     | allows you to send commands to an invalid certificate host like a self-signed one. |</doc>
<status status="PASS" starttime="20240107 22:48:59.546" endtime="20240107 22:49:11.922"/>
</kw>
<status status="PASS" starttime="20240107 22:48:59.545" endtime="20240107 22:49:11.923"/>
</kw>
<kw name="Verify Homepage Appears" library="homePage">
<kw name="Wait Until Element Is Visible" library="AppiumLibrary">
<arg>${appLogo}</arg>
<doc>Waits until element specified with `locator` is visible.</doc>
<msg timestamp="20240107 22:49:13.157" level="INFO">xpath criteria: //android.widget.ImageView[@resource-id="com.example.myapplication:id/imageView4"]</msg>
<status status="PASS" starttime="20240107 22:49:11.925" endtime="20240107 22:49:13.157"/>
</kw>
<kw name="Wait Until Element Is Visible" library="AppiumLibrary">
<arg>${sign-in-button}</arg>
<doc>Waits until element specified with `locator` is visible.</doc>
<msg timestamp="20240107 22:49:13.308" level="INFO">xpath criteria: //android.widget.Button[@resource-id="com.example.myapplication:id/login"]</msg>
<status status="PASS" starttime="20240107 22:49:13.157" endtime="20240107 22:49:13.309"/>
</kw>
<kw name="Wait Until Element Is Visible" library="AppiumLibrary">
<arg>${searchButton}</arg>
<doc>Waits until element specified with `locator` is visible.</doc>
<msg timestamp="20240107 22:49:13.448" level="INFO">xpath criteria: //android.widget.Button[@resource-id="com.example.myapplication:id/button6" and @text="Search"]</msg>
<status status="PASS" starttime="20240107 22:49:13.309" endtime="20240107 22:49:13.448"/>
</kw>
<kw name="Wait Until Element Is Visible" library="AppiumLibrary">
<arg>${checkinButton}</arg>
<doc>Waits until element specified with `locator` is visible.</doc>
<msg timestamp="20240107 22:49:13.596" level="INFO">xpath criteria: //android.widget.Button[@resource-id="com.example.myapplication:id/button6" and @text="Check in"]</msg>
<status status="PASS" starttime="20240107 22:49:13.448" endtime="20240107 22:49:13.597"/>
</kw>
<status status="PASS" starttime="20240107 22:49:11.925" endtime="20240107 22:49:13.597"/>
</kw>
<kw name="Click Button Sign In Home Page" library="homePage">
<kw name="Click Element" library="AppiumLibrary">
<arg>${sign-in-button}</arg>
<doc>Click element identified by `locator`.</doc>
<msg timestamp="20240107 22:49:13.602" level="INFO">Clicking element '//android.widget.Button[@resource-id="com.example.myapplication:id/login"]'.</msg>
<msg timestamp="20240107 22:49:13.800" level="INFO">xpath criteria: //android.widget.Button[@resource-id="com.example.myapplication:id/login"]</msg>
<status status="PASS" starttime="20240107 22:49:13.598" endtime="20240107 22:49:13.800"/>
</kw>
<status status="PASS" starttime="20240107 22:49:13.597" endtime="20240107 22:49:13.800"/>
</kw>
<kw name="Login User" library="loginPage">
<kw name="Wait Until Element Is Visible" library="AppiumLibrary">
<arg>${username-input}</arg>
<doc>Waits until element specified with `locator` is visible.</doc>
<msg timestamp="20240107 22:49:15.115" level="INFO">xpath criteria: //android.widget.EditText[@resource-id="com.example.myapplication:id/username"]
xpath criteria: //android.widget.EditText[@resource-id="com.example.myapplication:id/username"]</msg>
<status status="PASS" starttime="20240107 22:49:13.802" endtime="20240107 22:49:15.115"/>
</kw>
<kw name="Input Text" library="AppiumLibrary">
<arg>${username-input}</arg>
<arg>support@ngendigital.com</arg>
<doc>Types the given `text` into text field identified by `locator`.</doc>
<msg timestamp="20240107 22:49:15.119" level="INFO">Typing text 'support@ngendigital.com' into text field '//android.widget.EditText[@resource-id="com.example.myapplication:id/username"]'</msg>
<msg timestamp="20240107 22:49:15.277" level="INFO">xpath criteria: //android.widget.EditText[@resource-id="com.example.myapplication:id/username"]</msg>
<status status="PASS" starttime="20240107 22:49:15.116" endtime="20240107 22:49:15.277"/>
</kw>
<kw name="Input Password" library="AppiumLibrary">
<arg>${password-input}</arg>
<arg>abc123</arg>
<doc>Types the given password into text field identified by `locator`.</doc>
<msg timestamp="20240107 22:49:15.282" level="INFO">Typing password into text field '//android.widget.EditText[@resource-id="com.example.myapplication:id/password"]'</msg>
<msg timestamp="20240107 22:49:15.926" level="INFO">xpath criteria: //android.widget.EditText[@resource-id="com.example.myapplication:id/password"]</msg>
<status status="PASS" starttime="20240107 22:49:15.278" endtime="20240107 22:49:15.927"/>
</kw>
<status status="PASS" starttime="20240107 22:49:13.801" endtime="20240107 22:49:15.927"/>
</kw>
<kw name="Click Button Sign In Login Page" library="loginPage">
<kw name="Click Element" library="AppiumLibrary">
<arg>${log-in-button}</arg>
<doc>Click element identified by `locator`.</doc>
<msg timestamp="20240107 22:49:15.933" level="INFO">Clicking element '//android.widget.Button[@resource-id="com.example.myapplication:id/signIn"]'.</msg>
<msg timestamp="20240107 22:49:16.551" level="INFO">xpath criteria: //android.widget.Button[@resource-id="com.example.myapplication:id/signIn"]</msg>
<status status="PASS" starttime="20240107 22:49:15.928" endtime="20240107 22:49:16.551"/>
</kw>
<status status="PASS" starttime="20240107 22:49:15.927" endtime="20240107 22:49:16.551"/>
</kw>
<kw name="Login Successfully" library="loginPage">
<kw name="Wait Until Page Does Not Contain Element" library="AppiumLibrary">
<arg>${username-input}</arg>
<doc>Waits until element specified with `locator` disappears from current page.</doc>
<msg timestamp="20240107 22:49:17.581" level="INFO">xpath criteria: //android.widget.EditText[@resource-id="com.example.myapplication:id/username"]
xpath criteria: //android.widget.EditText[@resource-id="com.example.myapplication:id/username"]</msg>
<status status="PASS" starttime="20240107 22:49:16.553" endtime="20240107 22:49:17.581"/>
</kw>
<kw name="Wait Until Page Does Not Contain Element" library="AppiumLibrary">
<arg>${password-input}</arg>
<doc>Waits until element specified with `locator` disappears from current page.</doc>
<msg timestamp="20240107 22:49:17.701" level="INFO">xpath criteria: //android.widget.EditText[@resource-id="com.example.myapplication:id/password"]</msg>
<status status="PASS" starttime="20240107 22:49:17.581" endtime="20240107 22:49:17.701"/>
</kw>
<status status="PASS" starttime="20240107 22:49:16.552" endtime="20240107 22:49:17.701"/>
</kw>
<kw name="Click Button Search" library="homePage">
<kw name="Wait Until Page Contains" library="AppiumLibrary">
<arg>Search</arg>
<doc>Waits until `text` appears on current page.</doc>
<status status="PASS" starttime="20240107 22:49:17.703" endtime="20240107 22:49:17.859"/>
</kw>
<kw name="Click Text" library="AppiumLibrary">
<arg>Search</arg>
<doc>Click text identified by ``text``.</doc>
<msg timestamp="20240107 22:49:18.006" level="INFO">xpath criteria: //*[contains(@text,"Search")]</msg>
<status status="PASS" starttime="20240107 22:49:17.859" endtime="20240107 22:49:18.006"/>
</kw>
<status status="PASS" starttime="20240107 22:49:17.702" endtime="20240107 22:49:18.006"/>
</kw>
<kw name="Close Flight Application" library="base" type="TEARDOWN">
<kw name="Close Application" library="AppiumLibrary">
<doc>Closes the current application and also close webdriver session.</doc>
<status status="PASS" starttime="20240107 22:49:18.008" endtime="20240107 22:49:20.128"/>
</kw>
<status status="PASS" starttime="20240107 22:49:18.007" endtime="20240107 22:49:20.129"/>
</kw>
<status status="PASS" starttime="20240107 22:48:59.544" endtime="20240107 22:49:20.130"/>
</test>
<test id="s1-t2" name="Search Scenario - Invalid Flight Number" line="19">
<kw name="Input Invalid Flight Number" library="Search">
<kw name="Wait Until Element Is Visible" library="AppiumLibrary">
<arg>${flightNumberSearch}</arg>
<doc>Waits until element specified with `locator` is visible.</doc>
<kw name="Capture Page Screenshot" library="AppiumLibrary">
<doc>Takes a screenshot of the current page and embeds it into the log.</doc>
<msg timestamp="20240107 22:49:20.134" level="FAIL">No application is open</msg>
<status status="FAIL" starttime="20240107 22:49:20.134" endtime="20240107 22:49:20.166"/>
</kw>
<msg timestamp="20240107 22:49:20.175" level="WARN">Keyword 'Capture Page Screenshot' could not be run on failure: No application is open</msg>
<msg timestamp="20240107 22:49:20.176" level="FAIL">No application is open</msg>
<status status="FAIL" starttime="20240107 22:49:20.133" endtime="20240107 22:49:20.178"/>
</kw>
<kw name="Clear Text" library="AppiumLibrary">
<arg>${flightNumberSearch}</arg>
<doc>Clears the text field identified by `locator`.</doc>
<status status="NOT RUN" starttime="20240107 22:49:20.179" endtime="20240107 22:49:20.179"/>
</kw>
<kw name="Input Text" library="AppiumLibrary">
<arg>${flightNumberSearch}</arg>
<arg>CADX2214</arg>
<doc>Types the given `text` into text field identified by `locator`.</doc>
<status status="NOT RUN" starttime="20240107 22:49:20.179" endtime="20240107 22:49:20.179"/>
</kw>
<status status="FAIL" starttime="20240107 22:49:20.132" endtime="20240107 22:49:20.180"/>
</kw>
<kw name="Click Search Button" library="Search">
<status status="NOT RUN" starttime="20240107 22:49:20.180" endtime="20240107 22:49:20.180"/>
</kw>
<kw name="Invalid Notification Flight Number" library="Search">
<status status="NOT RUN" starttime="20240107 22:49:20.181" endtime="20240107 22:49:20.181"/>
</kw>
<kw name="Close Flight Application" library="base" type="TEARDOWN">
<kw name="Close Application" library="AppiumLibrary">
<doc>Closes the current application and also close webdriver session.</doc>
<kw name="Capture Page Screenshot" library="AppiumLibrary">
<doc>Takes a screenshot of the current page and embeds it into the log.</doc>
<msg timestamp="20240107 22:49:20.188" level="FAIL">No application is open</msg>
<status status="FAIL" starttime="20240107 22:49:20.186" endtime="20240107 22:49:20.190"/>
</kw>
<msg timestamp="20240107 22:49:20.197" level="WARN">Keyword 'Capture Page Screenshot' could not be run on failure: No application is open</msg>
<msg timestamp="20240107 22:49:20.199" level="FAIL">No application is open</msg>
<status status="FAIL" starttime="20240107 22:49:20.186" endtime="20240107 22:49:20.201"/>
</kw>
<status status="FAIL" starttime="20240107 22:49:20.185" endtime="20240107 22:49:20.202">No application is open</status>
</kw>
<status status="FAIL" starttime="20240107 22:49:20.131" endtime="20240107 22:49:20.202">No application is open

Also teardown failed:
No application is open</status>
</test>
<test id="s1-t3" name="Search Scenario - Valid Flight Number" line="24">
<kw name="Input Valid Flight Number" library="Search">
<kw name="Wait Until Element Is Visible" library="AppiumLibrary">
<arg>${flightNumberSearch}</arg>
<doc>Waits until element specified with `locator` is visible.</doc>
<kw name="Capture Page Screenshot" library="AppiumLibrary">
<doc>Takes a screenshot of the current page and embeds it into the log.</doc>
<msg timestamp="20240107 22:49:20.211" level="FAIL">No application is open</msg>
<status status="FAIL" starttime="20240107 22:49:20.207" endtime="20240107 22:49:20.217"/>
</kw>
<msg timestamp="20240107 22:49:20.228" level="WARN">Keyword 'Capture Page Screenshot' could not be run on failure: No application is open</msg>
<msg timestamp="20240107 22:49:20.238" level="FAIL">No application is open</msg>
<status status="FAIL" starttime="20240107 22:49:20.206" endtime="20240107 22:49:20.246"/>
</kw>
<kw name="Clear Text" library="AppiumLibrary">
<arg>${flightNumberSearch}</arg>
<doc>Clears the text field identified by `locator`.</doc>
<status status="NOT RUN" starttime="20240107 22:49:20.247" endtime="20240107 22:49:20.247"/>
</kw>
<kw name="Input Text" library="AppiumLibrary">
<arg>${flightNumberSearch}</arg>
<arg>DA935</arg>
<doc>Types the given `text` into text field identified by `locator`.</doc>
<status status="NOT RUN" starttime="20240107 22:49:20.252" endtime="20240107 22:49:20.253"/>
</kw>
<status status="FAIL" starttime="20240107 22:49:20.205" endtime="20240107 22:49:20.253"/>
</kw>
<kw name="Click Search Button" library="Search">
<status status="NOT RUN" starttime="20240107 22:49:20.255" endtime="20240107 22:49:20.255"/>
</kw>
<kw name="Valid Flight Number" library="Search">
<status status="NOT RUN" starttime="20240107 22:49:20.255" endtime="20240107 22:49:20.256"/>
</kw>
<kw name="Close Flight Application" library="base" type="TEARDOWN">
<kw name="Close Application" library="AppiumLibrary">
<doc>Closes the current application and also close webdriver session.</doc>
<kw name="Capture Page Screenshot" library="AppiumLibrary">
<doc>Takes a screenshot of the current page and embeds it into the log.</doc>
<msg timestamp="20240107 22:49:20.261" level="FAIL">No application is open</msg>
<status status="FAIL" starttime="20240107 22:49:20.260" endtime="20240107 22:49:20.264"/>
</kw>
<msg timestamp="20240107 22:49:20.274" level="WARN">Keyword 'Capture Page Screenshot' could not be run on failure: No application is open</msg>
<msg timestamp="20240107 22:49:20.275" level="FAIL">No application is open</msg>
<status status="FAIL" starttime="20240107 22:49:20.260" endtime="20240107 22:49:20.280"/>
</kw>
<status status="FAIL" starttime="20240107 22:49:20.259" endtime="20240107 22:49:20.280">No application is open</status>
</kw>
<status status="FAIL" starttime="20240107 22:49:20.204" endtime="20240107 22:49:20.281">No application is open

Also teardown failed:
No application is open</status>
</test>
<status status="FAIL" starttime="20240107 22:48:58.912" endtime="20240107 22:49:20.294"/>
</suite>
<statistics>
<total>
<stat pass="1" fail="2" skip="0">All Tests</stat>
</total>
<tag>
</tag>
<suite>
<stat pass="1" fail="2" skip="0" id="s1" name="3.Search-Suites">3.Search-Suites</stat>
</suite>
</statistics>
<errors>
<msg timestamp="20240107 22:49:20.175" level="WARN">Keyword 'Capture Page Screenshot' could not be run on failure: No application is open</msg>
<msg timestamp="20240107 22:49:20.197" level="WARN">Keyword 'Capture Page Screenshot' could not be run on failure: No application is open</msg>
<msg timestamp="20240107 22:49:20.228" level="WARN">Keyword 'Capture Page Screenshot' could not be run on failure: No application is open</msg>
<msg timestamp="20240107 22:49:20.274" level="WARN">Keyword 'Capture Page Screenshot' could not be run on failure: No application is open</msg>
</errors>
</robot>
