<?xml version="1.0" encoding="UTF-8"?>
<robot generator="Robot 6.1.1 (Python 3.12.0 on win32)" generated="20240107 23:12:46.975" rpa="false" schemaversion="4">
<suite id="s1" name="Suites" source="C:\Quis4_Susan\Sanbercode52-Quis4-Team4\suites">
<suite id="s1-s1" name="1.Login" source="C:\Quis4_Susan\Sanbercode52-Quis4-Team4\suites\1.login.robot">
<test id="s1-s1-t1" name="Login Valid Credential" line="14">
<kw name="Open Flight Application" library="base" type="SETUP">
<kw name="Open Application" library="AppiumLibrary">
<arg>remote_url=${REMOTE_URL}</arg>
<arg>platformName=${PLATFORM_NAME}</arg>
<arg>platformVersion =${PLATFORM_VERSION}</arg>
<arg>deviceName=${DEVICE_NAME}</arg>
<arg>appPackage=${APP_PACKAGE}</arg>
<arg>appActivity=${APP_ACTIVITY}</arg>
<doc>Opens a new application to given Appium server.
Capabilities of appium server, Android and iOS,
Please check https://github.com/appium/appium/blob/master/docs/en/writing-running-appium/server-args.md
| *Option*            | *Man.* | *Description*     |
| remote_url          | Yes    | Appium server url |
| alias               | no     | alias             |
| strict_ssl          | No     | allows you to send commands to an invalid certificate host like a self-signed one. |</doc>
<status status="PASS" starttime="20240107 23:12:47.485" endtime="20240107 23:13:00.888"/>
</kw>
<status status="PASS" starttime="20240107 23:12:47.484" endtime="20240107 23:13:00.888"/>
</kw>
<kw name="Click Sign In Button on Home Page" library="homePage">
<kw name="Click Element" library="AppiumLibrary">
<arg>${sign-in-button}</arg>
<doc>Click element identified by `locator`.</doc>
<msg timestamp="20240107 23:13:00.903" level="INFO">Clicking element '//android.widget.Button[@resource-id="com.example.myapplication:id/login"]'.</msg>
<msg timestamp="20240107 23:13:02.144" level="INFO">xpath criteria: //android.widget.Button[@resource-id="com.example.myapplication:id/login"]</msg>
<status status="PASS" starttime="20240107 23:13:00.896" endtime="20240107 23:13:02.145"/>
</kw>
<status status="PASS" starttime="20240107 23:13:00.895" endtime="20240107 23:13:02.145"/>
</kw>
<kw name="Input Username on login Page" library="loginPage">
<arg>${VALID_USERNAME}</arg>
<kw name="Wait Until Element Is Visible" library="AppiumLibrary">
<arg>${username-input}</arg>
<doc>Waits until element specified with `locator` is visible.</doc>
<msg timestamp="20240107 23:13:03.253" level="INFO">xpath criteria: //android.widget.EditText[@resource-id="com.example.myapplication:id/username"]</msg>
<status status="PASS" starttime="20240107 23:13:02.147" endtime="20240107 23:13:03.253"/>
</kw>
<kw name="Input Text" library="AppiumLibrary">
<arg>${username-input}</arg>
<arg>${username}</arg>
<doc>Types the given `text` into text field identified by `locator`.</doc>
<msg timestamp="20240107 23:13:03.259" level="INFO">Typing text 'support@ngendigital.com' into text field '//android.widget.EditText[@resource-id="com.example.myapplication:id/username"]'</msg>
<msg timestamp="20240107 23:13:03.840" level="INFO">xpath criteria: //android.widget.EditText[@resource-id="com.example.myapplication:id/username"]</msg>
<status status="PASS" starttime="20240107 23:13:03.253" endtime="20240107 23:13:03.840"/>
</kw>
<status status="PASS" starttime="20240107 23:13:02.146" endtime="20240107 23:13:03.840"/>
</kw>
<kw name="Input Password on Login Page" library="loginPage">
<arg>${VALID_PASSWORD}</arg>
<kw name="Wait Until Element Is Visible" library="AppiumLibrary">
<arg>${password-input}</arg>
<doc>Waits until element specified with `locator` is visible.</doc>
<msg timestamp="20240107 23:13:04.443" level="INFO">xpath criteria: //android.widget.EditText[@resource-id="com.example.myapplication:id/password"]</msg>
<status status="PASS" starttime="20240107 23:13:03.842" endtime="20240107 23:13:04.443"/>
</kw>
<kw name="Input Text" library="AppiumLibrary">
<arg>${password-input}</arg>
<arg>${password}</arg>
<doc>Types the given `text` into text field identified by `locator`.</doc>
<msg timestamp="20240107 23:13:04.446" level="INFO">Typing text 'abc123' into text field '//android.widget.EditText[@resource-id="com.example.myapplication:id/password"]'</msg>
<msg timestamp="20240107 23:13:04.602" level="INFO">xpath criteria: //android.widget.EditText[@resource-id="com.example.myapplication:id/password"]</msg>
<status status="PASS" starttime="20240107 23:13:04.443" endtime="20240107 23:13:04.602"/>
</kw>
<status status="PASS" starttime="20240107 23:13:03.841" endtime="20240107 23:13:04.602"/>
</kw>
<kw name="Click Sign In Button on Login Page" library="loginPage">
<kw name="Click Element" library="AppiumLibrary">
<arg>${log-in-button}</arg>
<doc>Click element identified by `locator`.</doc>
<msg timestamp="20240107 23:13:04.609" level="INFO">Clicking element '//android.widget.Button[@resource-id="com.example.myapplication:id/signIn"]'.</msg>
<msg timestamp="20240107 23:13:05.273" level="INFO">xpath criteria: //android.widget.Button[@resource-id="com.example.myapplication:id/signIn"]</msg>
<status status="PASS" starttime="20240107 23:13:04.604" endtime="20240107 23:13:05.273"/>
</kw>
<status status="PASS" starttime="20240107 23:13:04.603" endtime="20240107 23:13:05.273"/>
</kw>
<kw name="Direct to Main Home Tab" library="loginPage">
<kw name="Wait Until Page Contains Element" library="AppiumLibrary">
<arg>${main-home-tab}</arg>
<doc>Waits until element specified with `locator` appears on current page.</doc>
<msg timestamp="20240107 23:13:06.286" level="INFO">xpath criteria: //android.widget.Button[@resource-id="com.example.myapplication:id/button6"]
xpath criteria: //android.widget.Button[@resource-id="com.example.myapplication:id/button6"]</msg>
<status status="PASS" starttime="20240107 23:13:05.275" endtime="20240107 23:13:06.286"/>
</kw>
<status status="PASS" starttime="20240107 23:13:05.274" endtime="20240107 23:13:06.286"/>
</kw>
<kw name="Close Flight Application" library="base" type="TEARDOWN">
<kw name="Close Application" library="AppiumLibrary">
<doc>Closes the current application and also close webdriver session.</doc>
<status status="PASS" starttime="20240107 23:13:06.287" endtime="20240107 23:13:07.443"/>
</kw>
<status status="PASS" starttime="20240107 23:13:06.287" endtime="20240107 23:13:07.444"/>
</kw>
<status status="PASS" starttime="20240107 23:12:47.484" endtime="20240107 23:13:07.445"/>
</test>
<test id="s1-s1-t2" name="Login Invalid Credential" line="21">
<kw name="Open Flight Application" library="base" type="SETUP">
<kw name="Open Application" library="AppiumLibrary">
<arg>remote_url=${REMOTE_URL}</arg>
<arg>platformName=${PLATFORM_NAME}</arg>
<arg>platformVersion =${PLATFORM_VERSION}</arg>
<arg>deviceName=${DEVICE_NAME}</arg>
<arg>appPackage=${APP_PACKAGE}</arg>
<arg>appActivity=${APP_ACTIVITY}</arg>
<doc>Opens a new application to given Appium server.
Capabilities of appium server, Android and iOS,
Please check https://github.com/appium/appium/blob/master/docs/en/writing-running-appium/server-args.md
| *Option*            | *Man.* | *Description*     |
| remote_url          | Yes    | Appium server url |
| alias               | no     | alias             |
| strict_ssl          | No     | allows you to send commands to an invalid certificate host like a self-signed one. |</doc>
<status status="PASS" starttime="20240107 23:13:07.449" endtime="20240107 23:13:17.421"/>
</kw>
<status status="PASS" starttime="20240107 23:13:07.448" endtime="20240107 23:13:17.421"/>
</kw>
<kw name="Click Sign In Button on Home Page" library="homePage">
<kw name="Click Element" library="AppiumLibrary">
<arg>${sign-in-button}</arg>
<doc>Click element identified by `locator`.</doc>
<msg timestamp="20240107 23:13:17.432" level="INFO">Clicking element '//android.widget.Button[@resource-id="com.example.myapplication:id/login"]'.</msg>
<msg timestamp="20240107 23:13:18.846" level="INFO">xpath criteria: //android.widget.Button[@resource-id="com.example.myapplication:id/login"]</msg>
<status status="PASS" starttime="20240107 23:13:17.425" endtime="20240107 23:13:18.847"/>
</kw>
<status status="PASS" starttime="20240107 23:13:17.424" endtime="20240107 23:13:18.847"/>
</kw>
<kw name="Input Username on login Page" library="loginPage">
<arg>${INVALID_USERNAME}</arg>
<kw name="Wait Until Element Is Visible" library="AppiumLibrary">
<arg>${username-input}</arg>
<doc>Waits until element specified with `locator` is visible.</doc>
<msg timestamp="20240107 23:13:20.070" level="INFO">xpath criteria: //android.widget.EditText[@resource-id="com.example.myapplication:id/username"]
xpath criteria: //android.widget.EditText[@resource-id="com.example.myapplication:id/username"]</msg>
<status status="PASS" starttime="20240107 23:13:18.849" endtime="20240107 23:13:20.070"/>
</kw>
<kw name="Input Text" library="AppiumLibrary">
<arg>${username-input}</arg>
<arg>${username}</arg>
<doc>Types the given `text` into text field identified by `locator`.</doc>
<msg timestamp="20240107 23:13:20.073" level="INFO">Typing text 'invalid' into text field '//android.widget.EditText[@resource-id="com.example.myapplication:id/username"]'</msg>
<msg timestamp="20240107 23:13:20.208" level="INFO">xpath criteria: //android.widget.EditText[@resource-id="com.example.myapplication:id/username"]</msg>
<status status="PASS" starttime="20240107 23:13:20.070" endtime="20240107 23:13:20.208"/>
</kw>
<status status="PASS" starttime="20240107 23:13:18.848" endtime="20240107 23:13:20.209"/>
</kw>
<kw name="Input Password on Login Page" library="loginPage">
<arg>${INVALID_PASSWORD}</arg>
<kw name="Wait Until Element Is Visible" library="AppiumLibrary">
<arg>${password-input}</arg>
<doc>Waits until element specified with `locator` is visible.</doc>
<msg timestamp="20240107 23:13:20.715" level="INFO">xpath criteria: //android.widget.EditText[@resource-id="com.example.myapplication:id/password"]</msg>
<status status="PASS" starttime="20240107 23:13:20.210" endtime="20240107 23:13:20.715"/>
</kw>
<kw name="Input Text" library="AppiumLibrary">
<arg>${password-input}</arg>
<arg>${password}</arg>
<doc>Types the given `text` into text field identified by `locator`.</doc>
<msg timestamp="20240107 23:13:20.717" level="INFO">Typing text 'invalid' into text field '//android.widget.EditText[@resource-id="com.example.myapplication:id/password"]'</msg>
<msg timestamp="20240107 23:13:20.891" level="INFO">xpath criteria: //android.widget.EditText[@resource-id="com.example.myapplication:id/password"]</msg>
<status status="PASS" starttime="20240107 23:13:20.715" endtime="20240107 23:13:20.891"/>
</kw>
<status status="PASS" starttime="20240107 23:13:20.209" endtime="20240107 23:13:20.891"/>
</kw>
<kw name="Click Sign In Button on Login Page" library="loginPage">
<kw name="Click Element" library="AppiumLibrary">
<arg>${log-in-button}</arg>
<doc>Click element identified by `locator`.</doc>
<msg timestamp="20240107 23:13:20.900" level="INFO">Clicking element '//android.widget.Button[@resource-id="com.example.myapplication:id/signIn"]'.</msg>
<msg timestamp="20240107 23:13:21.515" level="INFO">xpath criteria: //android.widget.Button[@resource-id="com.example.myapplication:id/signIn"]</msg>
<status status="PASS" starttime="20240107 23:13:20.893" endtime="20240107 23:13:21.515"/>
</kw>
<status status="PASS" starttime="20240107 23:13:20.892" endtime="20240107 23:13:21.515"/>
</kw>
<kw name="Invalid Notification" library="loginPage">
<kw name="Wait Until Page Contains" library="AppiumLibrary">
<arg>Invalid username/password</arg>
<doc>Waits until `text` appears on current page.</doc>
<status status="PASS" starttime="20240107 23:13:21.517" endtime="20240107 23:13:21.878"/>
</kw>
<status status="PASS" starttime="20240107 23:13:21.516" endtime="20240107 23:13:21.878"/>
</kw>
<kw name="Close Flight Application" library="base" type="TEARDOWN">
<kw name="Close Application" library="AppiumLibrary">
<doc>Closes the current application and also close webdriver session.</doc>
<status status="PASS" starttime="20240107 23:13:21.880" endtime="20240107 23:13:23.537"/>
</kw>
<status status="PASS" starttime="20240107 23:13:21.878" endtime="20240107 23:13:23.538"/>
</kw>
<status status="PASS" starttime="20240107 23:13:07.447" endtime="20240107 23:13:23.539"/>
</test>
<test id="s1-s1-t3" name="Login Invalid Empty Username" line="28">
<kw name="Open Flight Application" library="base" type="SETUP">
<kw name="Open Application" library="AppiumLibrary">
<arg>remote_url=${REMOTE_URL}</arg>
<arg>platformName=${PLATFORM_NAME}</arg>
<arg>platformVersion =${PLATFORM_VERSION}</arg>
<arg>deviceName=${DEVICE_NAME}</arg>
<arg>appPackage=${APP_PACKAGE}</arg>
<arg>appActivity=${APP_ACTIVITY}</arg>
<doc>Opens a new application to given Appium server.
Capabilities of appium server, Android and iOS,
Please check https://github.com/appium/appium/blob/master/docs/en/writing-running-appium/server-args.md
| *Option*            | *Man.* | *Description*     |
| remote_url          | Yes    | Appium server url |
| alias               | no     | alias             |
| strict_ssl          | No     | allows you to send commands to an invalid certificate host like a self-signed one. |</doc>
<status status="PASS" starttime="20240107 23:13:23.542" endtime="20240107 23:13:33.165"/>
</kw>
<status status="PASS" starttime="20240107 23:13:23.541" endtime="20240107 23:13:33.166"/>
</kw>
<kw name="Click Sign In Button on Home Page" library="homePage">
<kw name="Click Element" library="AppiumLibrary">
<arg>${sign-in-button}</arg>
<doc>Click element identified by `locator`.</doc>
<msg timestamp="20240107 23:13:33.173" level="INFO">Clicking element '//android.widget.Button[@resource-id="com.example.myapplication:id/login"]'.</msg>
<msg timestamp="20240107 23:13:34.421" level="INFO">xpath criteria: //android.widget.Button[@resource-id="com.example.myapplication:id/login"]</msg>
<status status="PASS" starttime="20240107 23:13:33.168" endtime="20240107 23:13:34.422"/>
</kw>
<status status="PASS" starttime="20240107 23:13:33.167" endtime="20240107 23:13:34.422"/>
</kw>
<kw name="Input Password on Login Page" library="loginPage">
<arg>${VALID_PASSWORD}</arg>
<kw name="Wait Until Element Is Visible" library="AppiumLibrary">
<arg>${password-input}</arg>
<doc>Waits until element specified with `locator` is visible.</doc>
<msg timestamp="20240107 23:13:35.621" level="INFO">xpath criteria: //android.widget.EditText[@resource-id="com.example.myapplication:id/password"]
xpath criteria: //android.widget.EditText[@resource-id="com.example.myapplication:id/password"]</msg>
<status status="PASS" starttime="20240107 23:13:34.424" endtime="20240107 23:13:35.621"/>
</kw>
<kw name="Input Text" library="AppiumLibrary">
<arg>${password-input}</arg>
<arg>${password}</arg>
<doc>Types the given `text` into text field identified by `locator`.</doc>
<msg timestamp="20240107 23:13:35.624" level="INFO">Typing text 'abc123' into text field '//android.widget.EditText[@resource-id="com.example.myapplication:id/password"]'</msg>
<msg timestamp="20240107 23:13:35.764" level="INFO">xpath criteria: //android.widget.EditText[@resource-id="com.example.myapplication:id/password"]</msg>
<status status="PASS" starttime="20240107 23:13:35.621" endtime="20240107 23:13:35.764"/>
</kw>
<status status="PASS" starttime="20240107 23:13:34.423" endtime="20240107 23:13:35.764"/>
</kw>
<kw name="Click Sign In Button on Login Page" library="loginPage">
<kw name="Click Element" library="AppiumLibrary">
<arg>${log-in-button}</arg>
<doc>Click element identified by `locator`.</doc>
<msg timestamp="20240107 23:13:35.771" level="INFO">Clicking element '//android.widget.Button[@resource-id="com.example.myapplication:id/signIn"]'.</msg>
<msg timestamp="20240107 23:13:36.368" level="INFO">xpath criteria: //android.widget.Button[@resource-id="com.example.myapplication:id/signIn"]</msg>
<status status="PASS" starttime="20240107 23:13:35.766" endtime="20240107 23:13:36.368"/>
</kw>
<status status="PASS" starttime="20240107 23:13:35.765" endtime="20240107 23:13:36.368"/>
</kw>
<kw name="Invalid Notification" library="loginPage">
<kw name="Wait Until Page Contains" library="AppiumLibrary">
<arg>Invalid username/password</arg>
<doc>Waits until `text` appears on current page.</doc>
<status status="PASS" starttime="20240107 23:13:36.370" endtime="20240107 23:13:36.801"/>
</kw>
<status status="PASS" starttime="20240107 23:13:36.369" endtime="20240107 23:13:36.801"/>
</kw>
<kw name="Close Flight Application" library="base" type="TEARDOWN">
<kw name="Close Application" library="AppiumLibrary">
<doc>Closes the current application and also close webdriver session.</doc>
<status status="PASS" starttime="20240107 23:13:36.805" endtime="20240107 23:13:38.550"/>
</kw>
<status status="PASS" starttime="20240107 23:13:36.803" endtime="20240107 23:13:38.550"/>
</kw>
<status status="PASS" starttime="20240107 23:13:23.540" endtime="20240107 23:13:38.551"/>
</test>
<test id="s1-s1-t4" name="Login Invalid Empty Password" line="34">
<kw name="Open Flight Application" library="base" type="SETUP">
<kw name="Open Application" library="AppiumLibrary">
<arg>remote_url=${REMOTE_URL}</arg>
<arg>platformName=${PLATFORM_NAME}</arg>
<arg>platformVersion =${PLATFORM_VERSION}</arg>
<arg>deviceName=${DEVICE_NAME}</arg>
<arg>appPackage=${APP_PACKAGE}</arg>
<arg>appActivity=${APP_ACTIVITY}</arg>
<doc>Opens a new application to given Appium server.
Capabilities of appium server, Android and iOS,
Please check https://github.com/appium/appium/blob/master/docs/en/writing-running-appium/server-args.md
| *Option*            | *Man.* | *Description*     |
| remote_url          | Yes    | Appium server url |
| alias               | no     | alias             |
| strict_ssl          | No     | allows you to send commands to an invalid certificate host like a self-signed one. |</doc>
<status status="PASS" starttime="20240107 23:13:38.554" endtime="20240107 23:13:48.345"/>
</kw>
<status status="PASS" starttime="20240107 23:13:38.553" endtime="20240107 23:13:48.346"/>
</kw>
<kw name="Click Sign In Button on Home Page" library="homePage">
<kw name="Click Element" library="AppiumLibrary">
<arg>${sign-in-button}</arg>
<doc>Click element identified by `locator`.</doc>
<msg timestamp="20240107 23:13:48.353" level="INFO">Clicking element '//android.widget.Button[@resource-id="com.example.myapplication:id/login"]'.</msg>
<msg timestamp="20240107 23:13:49.717" level="INFO">xpath criteria: //android.widget.Button[@resource-id="com.example.myapplication:id/login"]</msg>
<status status="PASS" starttime="20240107 23:13:48.347" endtime="20240107 23:13:49.717"/>
</kw>
<status status="PASS" starttime="20240107 23:13:48.347" endtime="20240107 23:13:49.717"/>
</kw>
<kw name="Input Username on login Page" library="loginPage">
<arg>${VALID_USERNAME}</arg>
<kw name="Wait Until Element Is Visible" library="AppiumLibrary">
<arg>${username-input}</arg>
<doc>Waits until element specified with `locator` is visible.</doc>
<msg timestamp="20240107 23:13:51.028" level="INFO">xpath criteria: //android.widget.EditText[@resource-id="com.example.myapplication:id/username"]
xpath criteria: //android.widget.EditText[@resource-id="com.example.myapplication:id/username"]</msg>
<status status="PASS" starttime="20240107 23:13:49.719" endtime="20240107 23:13:51.029"/>
</kw>
<kw name="Input Text" library="AppiumLibrary">
<arg>${username-input}</arg>
<arg>${username}</arg>
<doc>Types the given `text` into text field identified by `locator`.</doc>
<msg timestamp="20240107 23:13:51.032" level="INFO">Typing text 'support@ngendigital.com' into text field '//android.widget.EditText[@resource-id="com.example.myapplication:id/username"]'</msg>
<msg timestamp="20240107 23:13:51.218" level="INFO">xpath criteria: //android.widget.EditText[@resource-id="com.example.myapplication:id/username"]</msg>
<status status="PASS" starttime="20240107 23:13:51.029" endtime="20240107 23:13:51.218"/>
</kw>
<status status="PASS" starttime="20240107 23:13:49.718" endtime="20240107 23:13:51.218"/>
</kw>
<kw name="Click Sign In Button on Login Page" library="loginPage">
<kw name="Click Element" library="AppiumLibrary">
<arg>${log-in-button}</arg>
<doc>Click element identified by `locator`.</doc>
<msg timestamp="20240107 23:13:51.224" level="INFO">Clicking element '//android.widget.Button[@resource-id="com.example.myapplication:id/signIn"]'.</msg>
<msg timestamp="20240107 23:13:51.836" level="INFO">xpath criteria: //android.widget.Button[@resource-id="com.example.myapplication:id/signIn"]</msg>
<status status="PASS" starttime="20240107 23:13:51.220" endtime="20240107 23:13:51.837"/>
</kw>
<status status="PASS" starttime="20240107 23:13:51.219" endtime="20240107 23:13:51.837"/>
</kw>
<kw name="Invalid Notification" library="loginPage">
<kw name="Wait Until Page Contains" library="AppiumLibrary">
<arg>Invalid username/password</arg>
<doc>Waits until `text` appears on current page.</doc>
<status status="PASS" starttime="20240107 23:13:51.838" endtime="20240107 23:13:52.161"/>
</kw>
<status status="PASS" starttime="20240107 23:13:51.837" endtime="20240107 23:13:52.161"/>
</kw>
<kw name="Close Flight Application" library="base" type="TEARDOWN">
<kw name="Close Application" library="AppiumLibrary">
<doc>Closes the current application and also close webdriver session.</doc>
<status status="PASS" starttime="20240107 23:13:52.162" endtime="20240107 23:13:54.027"/>
</kw>
<status status="PASS" starttime="20240107 23:13:52.162" endtime="20240107 23:13:54.028"/>
</kw>
<status status="PASS" starttime="20240107 23:13:38.553" endtime="20240107 23:13:54.030"/>
</test>
<status status="PASS" starttime="20240107 23:12:47.013" endtime="20240107 23:13:54.032"/>
</suite>
<suite id="s1-s2" name="3.Search-Suites" source="C:\Quis4_Susan\Sanbercode52-Quis4-Team4\suites\3.search-suites.robot">
<test id="s1-s2-t1" name="Successfully Open Flight Application" line="8">
<kw name="Open Flight Application" library="base">
<kw name="Open Application" library="AppiumLibrary">
<arg>remote_url=${REMOTE_URL}</arg>
<arg>platformName=${PLATFORM_NAME}</arg>
<arg>platformVersion =${PLATFORM_VERSION}</arg>
<arg>deviceName=${DEVICE_NAME}</arg>
<arg>appPackage=${APP_PACKAGE}</arg>
<arg>appActivity=${APP_ACTIVITY}</arg>
<doc>Opens a new application to given Appium server.
Capabilities of appium server, Android and iOS,
Please check https://github.com/appium/appium/blob/master/docs/en/writing-running-appium/server-args.md
| *Option*            | *Man.* | *Description*     |
| remote_url          | Yes    | Appium server url |
| alias               | no     | alias             |
| strict_ssl          | No     | allows you to send commands to an invalid certificate host like a self-signed one. |</doc>
<status status="PASS" starttime="20240107 23:13:54.083" endtime="20240107 23:14:03.689"/>
</kw>
<status status="PASS" starttime="20240107 23:13:54.082" endtime="20240107 23:14:03.689"/>
</kw>
<kw name="Verify Homepage Appears" library="homePage">
<kw name="Wait Until Element Is Visible" library="AppiumLibrary">
<arg>${appLogo}</arg>
<doc>Waits until element specified with `locator` is visible.</doc>
<msg timestamp="20240107 23:14:05.057" level="INFO">xpath criteria: //android.widget.ImageView[@resource-id="com.example.myapplication:id/imageView4"]</msg>
<status status="PASS" starttime="20240107 23:14:03.690" endtime="20240107 23:14:05.057"/>
</kw>
<kw name="Wait Until Element Is Visible" library="AppiumLibrary">
<arg>${sign-in-button}</arg>
<doc>Waits until element specified with `locator` is visible.</doc>
<msg timestamp="20240107 23:14:05.213" level="INFO">xpath criteria: //android.widget.Button[@resource-id="com.example.myapplication:id/login"]</msg>
<status status="PASS" starttime="20240107 23:14:05.057" endtime="20240107 23:14:05.213"/>
</kw>
<kw name="Wait Until Element Is Visible" library="AppiumLibrary">
<arg>${searchButton}</arg>
<doc>Waits until element specified with `locator` is visible.</doc>
<msg timestamp="20240107 23:14:05.383" level="INFO">xpath criteria: //android.widget.Button[@resource-id="com.example.myapplication:id/button6" and @text="Search"]</msg>
<status status="PASS" starttime="20240107 23:14:05.213" endtime="20240107 23:14:05.384"/>
</kw>
<kw name="Wait Until Element Is Visible" library="AppiumLibrary">
<arg>${checkinButton}</arg>
<doc>Waits until element specified with `locator` is visible.</doc>
<msg timestamp="20240107 23:14:05.539" level="INFO">xpath criteria: //android.widget.Button[@resource-id="com.example.myapplication:id/button6" and @text="Check in"]</msg>
<status status="PASS" starttime="20240107 23:14:05.384" endtime="20240107 23:14:05.539"/>
</kw>
<status status="PASS" starttime="20240107 23:14:03.690" endtime="20240107 23:14:05.540"/>
</kw>
<kw name="Click Button Sign In Home Page" library="homePage">
<kw name="Click Element" library="AppiumLibrary">
<arg>${sign-in-button}</arg>
<doc>Click element identified by `locator`.</doc>
<msg timestamp="20240107 23:14:05.543" level="INFO">Clicking element '//android.widget.Button[@resource-id="com.example.myapplication:id/login"]'.</msg>
<msg timestamp="20240107 23:14:05.768" level="INFO">xpath criteria: //android.widget.Button[@resource-id="com.example.myapplication:id/login"]</msg>
<status status="PASS" starttime="20240107 23:14:05.541" endtime="20240107 23:14:05.769"/>
</kw>
<status status="PASS" starttime="20240107 23:14:05.540" endtime="20240107 23:14:05.769"/>
</kw>
<kw name="Login User" library="loginPage">
<kw name="Wait Until Element Is Visible" library="AppiumLibrary">
<arg>${username-input}</arg>
<doc>Waits until element specified with `locator` is visible.</doc>
<msg timestamp="20240107 23:14:07.000" level="INFO">xpath criteria: //android.widget.EditText[@resource-id="com.example.myapplication:id/username"]
xpath criteria: //android.widget.EditText[@resource-id="com.example.myapplication:id/username"]</msg>
<status status="PASS" starttime="20240107 23:14:05.770" endtime="20240107 23:14:07.000"/>
</kw>
<kw name="Input Text" library="AppiumLibrary">
<arg>${username-input}</arg>
<arg>support@ngendigital.com</arg>
<doc>Types the given `text` into text field identified by `locator`.</doc>
<msg timestamp="20240107 23:14:07.005" level="INFO">Typing text 'support@ngendigital.com' into text field '//android.widget.EditText[@resource-id="com.example.myapplication:id/username"]'</msg>
<msg timestamp="20240107 23:14:07.184" level="INFO">xpath criteria: //android.widget.EditText[@resource-id="com.example.myapplication:id/username"]</msg>
<status status="PASS" starttime="20240107 23:14:07.000" endtime="20240107 23:14:07.184"/>
</kw>
<kw name="Input Password" library="AppiumLibrary">
<arg>${password-input}</arg>
<arg>abc123</arg>
<doc>Types the given password into text field identified by `locator`.</doc>
<msg timestamp="20240107 23:14:07.190" level="INFO">Typing password into text field '//android.widget.EditText[@resource-id="com.example.myapplication:id/password"]'</msg>
<msg timestamp="20240107 23:14:07.800" level="INFO">xpath criteria: //android.widget.EditText[@resource-id="com.example.myapplication:id/password"]</msg>
<status status="PASS" starttime="20240107 23:14:07.184" endtime="20240107 23:14:07.800"/>
</kw>
<status status="PASS" starttime="20240107 23:14:05.770" endtime="20240107 23:14:07.800"/>
</kw>
<kw name="Click Button Sign In Login Page" library="loginPage">
<kw name="Click Element" library="AppiumLibrary">
<arg>${log-in-button}</arg>
<doc>Click element identified by `locator`.</doc>
<msg timestamp="20240107 23:14:07.807" level="INFO">Clicking element '//android.widget.Button[@resource-id="com.example.myapplication:id/signIn"]'.</msg>
<msg timestamp="20240107 23:14:08.435" level="INFO">xpath criteria: //android.widget.Button[@resource-id="com.example.myapplication:id/signIn"]</msg>
<status status="PASS" starttime="20240107 23:14:07.802" endtime="20240107 23:14:08.435"/>
</kw>
<status status="PASS" starttime="20240107 23:14:07.801" endtime="20240107 23:14:08.436"/>
</kw>
<kw name="Login Successfully" library="loginPage">
<kw name="Wait Until Page Does Not Contain Element" library="AppiumLibrary">
<arg>${username-input}</arg>
<doc>Waits until element specified with `locator` disappears from current page.</doc>
<msg timestamp="20240107 23:14:09.403" level="INFO">xpath criteria: //android.widget.EditText[@resource-id="com.example.myapplication:id/username"]</msg>
<status status="PASS" starttime="20240107 23:14:08.440" endtime="20240107 23:14:09.403"/>
</kw>
<kw name="Wait Until Page Does Not Contain Element" library="AppiumLibrary">
<arg>${password-input}</arg>
<doc>Waits until element specified with `locator` disappears from current page.</doc>
<msg timestamp="20240107 23:14:09.516" level="INFO">xpath criteria: //android.widget.EditText[@resource-id="com.example.myapplication:id/password"]</msg>
<status status="PASS" starttime="20240107 23:14:09.404" endtime="20240107 23:14:09.516"/>
</kw>
<status status="PASS" starttime="20240107 23:14:08.439" endtime="20240107 23:14:09.516"/>
</kw>
<kw name="Click Button Search" library="homePage">
<kw name="Wait Until Page Contains" library="AppiumLibrary">
<arg>Search</arg>
<doc>Waits until `text` appears on current page.</doc>
<status status="PASS" starttime="20240107 23:14:09.517" endtime="20240107 23:14:09.685"/>
</kw>
<kw name="Click Text" library="AppiumLibrary">
<arg>Search</arg>
<doc>Click text identified by ``text``.</doc>
<msg timestamp="20240107 23:14:09.880" level="INFO">xpath criteria: //*[contains(@text,"Search")]</msg>
<status status="PASS" starttime="20240107 23:14:09.685" endtime="20240107 23:14:09.880"/>
</kw>
<status status="PASS" starttime="20240107 23:14:09.517" endtime="20240107 23:14:09.880"/>
</kw>
<status status="PASS" starttime="20240107 23:13:54.081" endtime="20240107 23:14:09.881"/>
</test>
<test id="s1-s2-t2" name="Search Scenario - Invalid Flight Number" line="17">
<kw name="Input Invalid Flight Number" library="Search">
<kw name="Wait Until Element Is Visible" library="AppiumLibrary">
<arg>${flightNumberSearch}</arg>
<doc>Waits until element specified with `locator` is visible.</doc>
<msg timestamp="20240107 23:14:11.220" level="INFO">xpath criteria: //android.widget.EditText[@resource-id="com.example.myapplication:id/flight_number"]
xpath criteria: //android.widget.EditText[@resource-id="com.example.myapplication:id/flight_number"]</msg>
<status status="PASS" starttime="20240107 23:14:09.884" endtime="20240107 23:14:11.221"/>
</kw>
<kw name="Clear Text" library="AppiumLibrary">
<arg>${flightNumberSearch}</arg>
<doc>Clears the text field identified by `locator`.</doc>
<msg timestamp="20240107 23:14:11.224" level="INFO">Clear text field '//android.widget.EditText[@resource-id="com.example.myapplication:id/flight_number"]'</msg>
<msg timestamp="20240107 23:14:11.366" level="INFO">xpath criteria: //android.widget.EditText[@resource-id="com.example.myapplication:id/flight_number"]</msg>
<status status="PASS" starttime="20240107 23:14:11.221" endtime="20240107 23:14:11.366"/>
</kw>
<kw name="Input Text" library="AppiumLibrary">
<arg>${flightNumberSearch}</arg>
<arg>CADX2214</arg>
<doc>Types the given `text` into text field identified by `locator`.</doc>
<msg timestamp="20240107 23:14:11.372" level="INFO">Typing text 'CADX2214' into text field '//android.widget.EditText[@resource-id="com.example.myapplication:id/flight_number"]'</msg>
<msg timestamp="20240107 23:14:11.979" level="INFO">xpath criteria: //android.widget.EditText[@resource-id="com.example.myapplication:id/flight_number"]</msg>
<status status="PASS" starttime="20240107 23:14:11.366" endtime="20240107 23:14:11.980"/>
</kw>
<status status="PASS" starttime="20240107 23:14:09.883" endtime="20240107 23:14:11.980"/>
</kw>
<kw name="Click Search Button" library="Search">
<kw name="Click Element" library="AppiumLibrary">
<arg>${searchFlightNumberButton}</arg>
<doc>Click element identified by `locator`.</doc>
<msg timestamp="20240107 23:14:11.986" level="INFO">Clicking element 'com.example.myapplication:id/searchFlight'.</msg>
<msg timestamp="20240107 23:14:12.553" level="INFO">criteria is com.example.myapplication:id/searchFlight</msg>
<status status="PASS" starttime="20240107 23:14:11.981" endtime="20240107 23:14:12.553"/>
</kw>
<status status="PASS" starttime="20240107 23:14:11.981" endtime="20240107 23:14:12.554"/>
</kw>
<kw name="Invalid Notification Flight Number" library="Search">
<kw name="Wait Until Page Contains" library="AppiumLibrary">
<arg>Please enter valid Flight Number</arg>
<doc>Waits until `text` appears on current page.</doc>
<status status="PASS" starttime="20240107 23:14:12.555" endtime="20240107 23:14:13.244"/>
</kw>
<status status="PASS" starttime="20240107 23:14:12.554" endtime="20240107 23:14:13.244"/>
</kw>
<status status="PASS" starttime="20240107 23:14:09.882" endtime="20240107 23:14:13.245"/>
</test>
<test id="s1-s2-t3" name="Search Scenario - Valid Flight Number" line="22">
<kw name="Input Valid Flight Number" library="Search">
<kw name="Wait Until Element Is Visible" library="AppiumLibrary">
<arg>${flightNumberSearch}</arg>
<doc>Waits until element specified with `locator` is visible.</doc>
<msg timestamp="20240107 23:14:13.562" level="INFO">xpath criteria: //android.widget.EditText[@resource-id="com.example.myapplication:id/flight_number"]</msg>
<status status="PASS" starttime="20240107 23:14:13.249" endtime="20240107 23:14:13.562"/>
</kw>
<kw name="Clear Text" library="AppiumLibrary">
<arg>${flightNumberSearch}</arg>
<doc>Clears the text field identified by `locator`.</doc>
<msg timestamp="20240107 23:14:13.569" level="INFO">Clear text field '//android.widget.EditText[@resource-id="com.example.myapplication:id/flight_number"]'</msg>
<msg timestamp="20240107 23:14:13.760" level="INFO">xpath criteria: //android.widget.EditText[@resource-id="com.example.myapplication:id/flight_number"]</msg>
<status status="PASS" starttime="20240107 23:14:13.563" endtime="20240107 23:14:13.760"/>
</kw>
<kw name="Input Text" library="AppiumLibrary">
<arg>${flightNumberSearch}</arg>
<arg>DA935</arg>
<doc>Types the given `text` into text field identified by `locator`.</doc>
<msg timestamp="20240107 23:14:13.766" level="INFO">Typing text 'DA935' into text field '//android.widget.EditText[@resource-id="com.example.myapplication:id/flight_number"]'</msg>
<msg timestamp="20240107 23:14:14.392" level="INFO">xpath criteria: //android.widget.EditText[@resource-id="com.example.myapplication:id/flight_number"]</msg>
<status status="PASS" starttime="20240107 23:14:13.760" endtime="20240107 23:14:14.393"/>
</kw>
<status status="PASS" starttime="20240107 23:14:13.248" endtime="20240107 23:14:14.393"/>
</kw>
<kw name="Click Search Button" library="Search">
<kw name="Click Element" library="AppiumLibrary">
<arg>${searchFlightNumberButton}</arg>
<doc>Click element identified by `locator`.</doc>
<msg timestamp="20240107 23:14:14.400" level="INFO">Clicking element 'com.example.myapplication:id/searchFlight'.</msg>
<msg timestamp="20240107 23:14:15.210" level="INFO">criteria is com.example.myapplication:id/searchFlight</msg>
<status status="PASS" starttime="20240107 23:14:14.394" endtime="20240107 23:14:15.210"/>
</kw>
<status status="PASS" starttime="20240107 23:14:14.394" endtime="20240107 23:14:15.210"/>
</kw>
<kw name="Valid Flight Number" library="Search">
<kw name="Wait Until Page Contains" library="AppiumLibrary">
<arg>DA 935</arg>
<doc>Waits until `text` appears on current page.</doc>
<status status="PASS" starttime="20240107 23:14:15.212" endtime="20240107 23:14:16.595"/>
</kw>
<status status="PASS" starttime="20240107 23:14:15.211" endtime="20240107 23:14:16.595"/>
</kw>
<kw name="Close Flight Application" library="base">
<kw name="Close Application" library="AppiumLibrary">
<doc>Closes the current application and also close webdriver session.</doc>
<status status="PASS" starttime="20240107 23:14:16.597" endtime="20240107 23:14:18.117"/>
</kw>
<status status="PASS" starttime="20240107 23:14:16.596" endtime="20240107 23:14:18.117"/>
</kw>
<status status="PASS" starttime="20240107 23:14:13.247" endtime="20240107 23:14:18.118"/>
</test>
<status status="PASS" starttime="20240107 23:13:54.036" endtime="20240107 23:14:18.120"/>
</suite>
<status status="PASS" starttime="20240107 23:12:46.978" endtime="20240107 23:14:18.124"/>
</suite>
<statistics>
<total>
<stat pass="7" fail="0" skip="0">All Tests</stat>
</total>
<tag>
</tag>
<suite>
<stat pass="7" fail="0" skip="0" id="s1" name="Suites">Suites</stat>
<stat pass="4" fail="0" skip="0" id="s1-s1" name="1.Login">Suites.1.Login</stat>
<stat pass="3" fail="0" skip="0" id="s1-s2" name="3.Search-Suites">Suites.3.Search-Suites</stat>
</suite>
</statistics>
<errors>
</errors>
</robot>
